Starting LLVM compiler...
Compiling line 0...
Starting line...
Starting primary expr...
Primary expr is a func decl.
Starting function decl...
Function decl has 1 args.
Storing variable n.
Function decl lines.
Starting secondary expr...
Secondary expr is a cond.
Starting condition...
Starting third expr...
Third expr is an operation.
Starting binary operation...
Starting left third expr...
Starting third expr...
Third expr is a var call.
Starting var call...
Variable n found.
Var call finished.
Third expr var call finished.
Third expr finished.
Left third expr finished.
Starting right third expr...
Starting third expr...
Third expr is a constant.
Starting constant...
Constant is an int32.
Constant int32 finished.
Constant finished.
Third expr constant finished.
Third expr finished.
Right third expr finished.
Binary operation finished.
Third expr operation finished.
Third expr finished.
Starting secondary expr...
Secondary expr is a ret.
Starting ret...
Starting Third expr.
Starting third expr...
Third expr is a constant.
Starting constant...
Constant is an int32.
Constant int32 finished.
Constant finished.
Third expr constant finished.
Third expr finished.
Third expr finished.
Ret finished.
Secondary expr ret finished.
Secondary expr finished.
Secondary expr cond finished.
Secondary expr finished.
Starting secondary expr...
Secondary expr is a ret.
Starting ret...
Starting Third expr.
Starting third expr...
Third expr is a constant.
Starting constant...
Constant is an int32.
Constant int32 finished.
Constant finished.
Third expr constant finished.
Third expr finished.
Third expr finished.
Ret finished.
Secondary expr ret finished.
Secondary expr finished.
Function decl finished.
Storing function isEven.
Primary expr func decl finished.
Line finished.
Line 0 compiled.
Compiling line 1...
Starting line...
Starting primary expr...
Primary expr is a func decl.
Starting function decl...
Function decl has 0 args.
Function decl lines.
Starting secondary expr...
Secondary expr is a fn call.
Starting function call...
Function call has 1 args.
Function call arg 0.
Starting third expr...
Third expr is a constant.
Starting constant...
Constant is an int32.
Constant int32 finished.
Constant finished.
Third expr constant finished.
Third expr finished.
function from context isEven found.
Function call has 1 args.
Function isEven found.
Function type is not null.
